<?xml version="1.0" encoding="utf-8"?><testsuites><testsuite name="pytest" errors="0" failures="0" skipped="0" tests="4" time="35.199" timestamp="2021-07-30T11:22:15.036719" hostname="DESKTOP-6H4NC9J"><testcase classname="test_HomePage.TestHomePage" name="test_form_submission[get_data0]" time="9.306" /><testcase classname="test_HomePage.TestHomePage" name="test_form_submission[get_data1]" time="3.637" /><testcase classname="test_HomePage.TestHomePage" name="test_form_submission[get_data2]" time="3.166" /><testcase classname="test_e2e.TestOne" name="test_e2e" time="19.035" /></testsuite></testsuites>