<?xml version="1.0" encoding="utf-8"?><testsuites><testsuite name="pytest" errors="0" failures="0" skipped="0" tests="4" time="30.942" timestamp="2021-07-29T08:38:43.951841" hostname="DESKTOP-6H4NC9J"><testcase classname="test_HomePage.TestHomePage" name="test_form_submission[get_data0]" time="10.021" /><testcase classname="test_HomePage.TestHomePage" name="test_form_submission[get_data1]" time="2.115" /><testcase classname="test_HomePage.TestHomePage" name="test_form_submission[get_data2]" time="2.908" /><testcase classname="test_e2e.TestOne" name="test_e2e" time="15.826" /></testsuite></testsuites>